# JRE version: OpenJDK Runtime Environment Temurin-17.0.7+7 (17.0.7+7) (build 17.0.7+7)
# Java VM: OpenJDK 64-Bit Server VM Temurin-17.0.7+7 (17.0.7+7, mixed mode, sharing, tiered, compressed oops, compressed class ptrs, g1 gc, windows-amd64)
GC Precious Log:
 CPUs: 4 total, 4 available
 Memory: 7988M
 Large Page Support: Disabled
 NUMA Support: Disabled
 Compressed Oops: Enabled (Zero based)
 Heap Region Size: 2M
 Heap Min Capacity: 512M
 Heap Initial Capacity: 512M
 Heap Max Capacity: 4072M
 Pre-touch: Disabled
 Parallel Workers: 4
 Concurrent Workers: 1
 Concurrent Refinement Workers: 4
 Periodic GC: Disabled
 String Deduplication is enabled
Heap:
 garbage-first heap   total 524288K, used 204588K [0x0000000701800000, 0x0000000800000000)
  region size 2048K, 28 young (57344K), 1 survivors (2048K)
 Metaspace       used 83597K, committed 84160K, reserved 1179648K
  class space    used 11523K, committed 11776K, reserved 1048576K
GC Heap History (20 events):
Event: 217.266 GC heap before
{Heap before GC invocations=50 (full 4):
 garbage-first heap   total 524288K, used 186200K [0x0000000701800000, 0x0000000800000000)
  region size 2048K, 40 young (81920K), 3 survivors (6144K)
 Metaspace       used 83164K, committed 83776K, reserved 1179648K
  class space    used 11507K, committed 11776K, reserved 1048576K
}
Event: 217.276 GC heap after
{Heap after GC invocations=51 (full 4):
 garbage-first heap   total 524288K, used 110629K [0x0000000701800000, 0x0000000800000000)
  region size 2048K, 3 young (6144K), 3 survivors (6144K)
 Metaspace       used 83164K, committed 83776K, reserved 1179648K
  class space    used 11507K, committed 11776K, reserved 1048576K
}
Event: 232.481 GC heap before
{Heap before GC invocations=51 (full 4):
 garbage-first heap   total 524288K, used 186405K [0x0000000701800000, 0x0000000800000000)
  region size 2048K, 40 young (81920K), 3 survivors (6144K)
 Metaspace       used 83175K, committed 83776K, reserved 1179648K
  class space    used 11507K, committed 11776K, reserved 1048576K
}
Event: 232.492 GC heap after
{Heap after GC invocations=52 (full 4):
 garbage-first heap   total 524288K, used 110447K [0x0000000701800000, 0x0000000800000000)
  region size 2048K, 3 young (6144K), 3 survivors (6144K)
 Metaspace       used 83175K, committed 83776K, reserved 1179648K
  class space    used 11507K, committed 11776K, reserved 1048576K
}
Event: 257.138 GC heap before
{Heap before GC invocations=52 (full 4):
 garbage-first heap   total 524288K, used 247663K [0x0000000701800000, 0x0000000800000000)
  region size 2048K, 40 young (81920K), 3 survivors (6144K)
 Metaspace       used 83218K, committed 83776K, reserved 1179648K
  class space    used 11509K, committed 11776K, reserved 1048576K
}
Event: 257.147 GC heap after
{Heap after GC invocations=53 (full 4):
 garbage-first heap   total 524288K, used 172225K [0x0000000701800000, 0x0000000800000000)
  region size 2048K, 3 young (6144K), 3 survivors (6144K)
 Metaspace       used 83218K, committed 83776K, reserved 1179648K
  class space    used 11509K, committed 11776K, reserved 1048576K
}
Event: 260.035 GC heap before
{Heap before GC invocations=53 (full 4):
 garbage-first heap   total 524288K, used 184513K [0x0000000701800000, 0x0000000800000000)
  region size 2048K, 10 young (20480K), 3 survivors (6144K)
 Metaspace       used 83226K, committed 83840K, reserved 1179648K
  class space    used 11509K, committed 11776K, reserved 1048576K
}
Event: 260.155 GC heap after
{Heap after GC invocations=54 (full 5):
 garbage-first heap   total 524288K, used 105623K [0x0000000701800000, 0x0000000800000000)
  region size 2048K, 0 young (0K), 0 survivors (0K)
 Metaspace       used 83226K, committed 83840K, reserved 1179648K
  class space    used 11509K, committed 11776K, reserved 1048576K
}
Event: 282.522 GC heap before
{Heap before GC invocations=54 (full 5):
 garbage-first heap   total 524288K, used 216215K [0x0000000701800000, 0x0000000800000000)
  region size 2048K, 40 young (81920K), 0 survivors (0K)
 Metaspace       used 83307K, committed 83904K, reserved 1179648K
  class space    used 11514K, committed 11776K, reserved 1048576K
}
Event: 282.525 GC heap after
{Heap after GC invocations=55 (full 5):
 garbage-first heap   total 524288K, used 135131K [0x0000000701800000, 0x0000000800000000)
  region size 2048K, 1 young (2048K), 1 survivors (2048K)
 Metaspace       used 83307K, committed 83904K, reserved 1179648K
  class space    used 11514K, committed 11776K, reserved 1048576K
}
Event: 295.893 GC heap before
{Heap before GC invocations=55 (full 5):
 garbage-first heap   total 524288K, used 215003K [0x0000000701800000, 0x0000000800000000)
  region size 2048K, 40 young (81920K), 1 survivors (2048K)
 Metaspace       used 83333K, committed 83904K, reserved 1179648K
  class space    used 11515K, committed 11776K, reserved 1048576K
}
Event: 295.896 GC heap after
{Heap after GC invocations=56 (full 5):
 garbage-first heap   total 524288K, used 116235K [0x0000000701800000, 0x0000000800000000)
  region size 2048K, 1 young (2048K), 1 survivors (2048K)
 Metaspace       used 83333K, committed 83904K, reserved 1179648K
  class space    used 11515K, committed 11776K, reserved 1048576K
}
Event: 354.893 GC heap before
{Heap before GC invocations=56 (full 5):
 garbage-first heap   total 524288K, used 212491K [0x0000000701800000, 0x0000000800000000)
  region size 2048K, 40 young (81920K), 1 survivors (2048K)
 Metaspace       used 83384K, committed 83968K, reserved 1179648K
  class space    used 11515K, committed 11776K, reserved 1048576K
}
Event: 354.903 GC heap after
{Heap after GC invocations=57 (full 5):
 garbage-first heap   total 524288K, used 132578K [0x0000000701800000, 0x0000000800000000)
  region size 2048K, 1 young (2048K), 1 survivors (2048K)
 Metaspace       used 83384K, committed 83968K, reserved 1179648K
  class space    used 11515K, committed 11776K, reserved 1048576K
}
Event: 475.655 GC heap before
{Heap before GC invocations=57 (full 5):
 garbage-first heap   total 524288K, used 212450K [0x0000000701800000, 0x0000000800000000)
  region size 2048K, 40 young (81920K), 1 survivors (2048K)
 Metaspace       used 83418K, committed 83968K, reserved 1179648K
  class space    used 11516K, committed 11776K, reserved 1048576K
}
Event: 475.659 GC heap after
{Heap after GC invocations=58 (full 5):
 garbage-first heap   total 524288K, used 124478K [0x0000000701800000, 0x0000000800000000)
  region size 2048K, 1 young (2048K), 1 survivors (2048K)
 Metaspace       used 83418K, committed 83968K, reserved 1179648K
  class space    used 11516K, committed 11776K, reserved 1048576K
}
Event: 497.763 GC heap before
{Heap before GC invocations=58 (full 5):
 garbage-first heap   total 524288K, used 220734K [0x0000000701800000, 0x0000000800000000)
  region size 2048K, 40 young (81920K), 1 survivors (2048K)
 Metaspace       used 83551K, committed 84160K, reserved 1179648K
  class space    used 11522K, committed 11776K, reserved 1048576K
}
Event: 497.770 GC heap after
{Heap after GC invocations=59 (full 5):
 garbage-first heap   total 524288K, used 140999K [0x0000000701800000, 0x0000000800000000)
  region size 2048K, 1 young (2048K), 1 survivors (2048K)
 Metaspace       used 83551K, committed 84160K, reserved 1179648K
  class space    used 11522K, committed 11776K, reserved 1048576K
}
Event: 520.919 GC heap before
{Heap before GC invocations=59 (full 5):
 garbage-first heap   total 524288K, used 239303K [0x0000000701800000, 0x0000000800000000)
  region size 2048K, 40 young (81920K), 1 survivors (2048K)
 Metaspace       used 83567K, committed 84160K, reserved 1179648K
  class space    used 11522K, committed 11776K, reserved 1048576K
}
Event: 520.923 GC heap after
{Heap after GC invocations=60 (full 5):
 garbage-first heap   total 524288K, used 151340K [0x0000000701800000, 0x0000000800000000)
  region size 2048K, 1 young (2048K), 1 survivors (2048K)
 Metaspace       used 83567K, committed 84160K, reserved 1179648K
  class space    used 11522K, committed 11776K, reserved 1048576K
}

